<?xml version="1.0" encoding="UTF-8"?>
<!-- Generated by org.testng.reporters.JUnitXMLReporter -->
<testsuite ignored="0" hostname="DESKTOP-7PUP5K7" failures="0" tests="6" name="Default test" time="313.597" errors="0" timestamp="30 Aug 2018 06:59:47 GMT">
  <testcase classname="TestSuites.Suite02a" name="Login1" time="60.169"/>
  <testcase classname="TestSuites.Suite02a" name="Login2" time="74.594"/>
  <testcase classname="TestSuites.Suite02a" name="Login3" time="61.735"/>
  <testcase classname="TestSuites.Suite02a" name="Login4" time="23.609"/>
  <testcase classname="TestSuites.Suite02a" name="Login5" time="58.65"/>
  <testcase classname="TestSuites.Suite02a" name="Login6" time="31.978"/>
</testsuite> <!-- Default test -->
