<?xml version="1.0" encoding="UTF-8"?>
<!-- Generated by org.testng.reporters.JUnitXMLReporter -->
<testsuite ignored="0" hostname="DESKTOP-7PUP5K7" failures="0" tests="6" name="Default test" time="302.287" errors="0" timestamp="27 Aug 2018 09:04:07 GMT">
  <testcase classname="TestSuites.Suite02a" name="Login1" time="57.121"/>
  <testcase classname="TestSuites.Suite02a" name="Login2" time="69.856"/>
  <testcase classname="TestSuites.Suite02a" name="Login3" time="59.666"/>
  <testcase classname="TestSuites.Suite02a" name="Login4" time="24.929"/>
  <testcase classname="TestSuites.Suite02a" name="Login5" time="57.505"/>
  <testcase classname="TestSuites.Suite02a" name="Login6" time="30.582"/>
</testsuite> <!-- Default test -->
