<?xml version="1.0" encoding="UTF-8"?>
<testng-results ignored="0" total="8" passed="8" failed="0" skipped="0">
  <reporter-output>
  </reporter-output>
  <suite started-at="2018-08-27T11:59:04Z" name="Default suite" finished-at="2018-08-27T12:05:47Z" duration-ms="403793">
    <groups>
    </groups>
    <test started-at="2018-08-27T11:59:04Z" name="Default test" finished-at="2018-08-27T12:05:47Z" duration-ms="403793">
      <class name="TestSuites.Sample02b">
        <test-method is-config="true" signature="Start()[pri:0, instance:TestSuites.Sample02b@56cdfb3b]" started-at="2018-08-27T11:59:04Z" name="Start" description="Open Browser" finished-at="2018-08-27T11:59:06Z" duration-ms="2669" status="PASS">
          <reporter-output>
          </reporter-output>
        </test-method> <!-- Start -->
        <test-method signature="Login1()[pri:0, instance:TestSuites.Sample02b@56cdfb3b]" started-at="2018-08-27T11:59:06Z" name="Login1" description="Login as Client Admin with coaching type access set as Both and edit email address" finished-at="2018-08-27T12:00:02Z" duration-ms="55949" status="PASS">
          <reporter-output>
          </reporter-output>
        </test-method> <!-- Login1 -->
        <test-method signature="Login2()[pri:0, instance:TestSuites.Sample02b@56cdfb3b]" started-at="2018-08-27T12:00:02Z" name="Login2" description="Log in as CCL Admin and edit Coaching type access to Executive for the Client Admin" finished-at="2018-08-27T12:01:16Z" depends-on-methods="TestSuites.Sample02b.Login1" duration-ms="73967" status="PASS">
          <reporter-output>
          </reporter-output>
        </test-method> <!-- Login2 -->
        <test-method signature="Login3()[pri:0, instance:TestSuites.Sample02b@56cdfb3b]" started-at="2018-08-27T12:01:16Z" name="Login3" description="Verify Executive Admin Home page" finished-at="2018-08-27T12:02:18Z" depends-on-methods="TestSuites.Sample02b.Login2" duration-ms="62029" status="PASS">
          <reporter-output>
          </reporter-output>
        </test-method> <!-- Login3 -->
        <test-method signature="Login4()[pri:0, instance:TestSuites.Sample02b@56cdfb3b]" started-at="2018-08-27T12:02:18Z" name="Login4" description="In CCL Admin page, verify change in email address; then change Coaching type access to Integrated" finished-at="2018-08-27T12:02:45Z" depends-on-methods="TestSuites.Sample02b.Login3" duration-ms="27185" status="PASS">
          <reporter-output>
          </reporter-output>
        </test-method> <!-- Login4 -->
        <test-method signature="Login5()[pri:0, instance:TestSuites.Sample02b@56cdfb3b]" started-at="2018-08-27T12:02:45Z" name="Login5" description="Login as Client Admin and verify Integrated Admin home page -&gt; Then edit email address" finished-at="2018-08-27T12:03:52Z" depends-on-methods="TestSuites.Sample02b.Login4" duration-ms="66279" status="PASS">
          <reporter-output>
          </reporter-output>
        </test-method> <!-- Login5 -->
        <test-method signature="Login6()[pri:0, instance:TestSuites.Sample02b@56cdfb3b]" started-at="2018-08-27T12:03:52Z" name="Login6" description="In CCL Admin page, verify change in email address and change coaching type access back as Both, email address to original email address" finished-at="2018-08-27T12:04:16Z" depends-on-methods="TestSuites.Sample02b.Login5" duration-ms="24458" status="PASS">
          <reporter-output>
          </reporter-output>
        </test-method> <!-- Login6 -->
        <test-method signature="Login7()[pri:0, instance:TestSuites.Sample02b@56cdfb3b]" started-at="2018-08-27T12:04:16Z" name="Login7" description="Login as Client Admin and verify Integrated Admin home page -&gt; Then edit email address" finished-at="2018-08-27T12:05:14Z" depends-on-methods="TestSuites.Sample02b.Login6" duration-ms="57509" status="PASS">
          <reporter-output>
          </reporter-output>
        </test-method> <!-- Login7 -->
        <test-method signature="Login8()[pri:0, instance:TestSuites.Sample02b@56cdfb3b]" started-at="2018-08-27T12:05:14Z" name="Login8" description="Login as Client Admin and verify Integrated Admin home page -&gt; Then edit email address" finished-at="2018-08-27T12:05:47Z" depends-on-methods="TestSuites.Sample02b.Login7" duration-ms="33708" status="PASS">
          <reporter-output>
          </reporter-output>
        </test-method> <!-- Login8 -->
      </class> <!-- TestSuites.Sample02b -->
    </test> <!-- Default test -->
  </suite> <!-- Default suite -->
</testng-results>
