<?xml version="1.0" encoding="UTF-8"?>
<testng-results ignored="0" total="2" passed="2" failed="0" skipped="0">
  <reporter-output>
  </reporter-output>
  <suite started-at="2018-08-24T19:17:46Z" name="Default suite" finished-at="2018-08-24T19:20:09Z" duration-ms="142627">
    <groups>
    </groups>
    <test started-at="2018-08-24T19:17:46Z" name="Default test" finished-at="2018-08-24T19:20:09Z" duration-ms="142627">
      <class name="TestSuites.Suite01">
        <test-method is-config="true" signature="Start()[pri:0, instance:TestSuites.Suite01@28f2a10f]" started-at="2018-08-24T19:17:46Z" name="Start" description="Open Browser" finished-at="2018-08-24T19:17:49Z" duration-ms="2836" status="PASS">
          <reporter-output>
          </reporter-output>
        </test-method> <!-- Start -->
        <test-method signature="Login()[pri:0, instance:TestSuites.Suite01@28f2a10f]" started-at="2018-08-24T19:17:49Z" name="Login" description="Login" finished-at="2018-08-24T19:18:40Z" duration-ms="50570" status="PASS">
          <reporter-output>
          </reporter-output>
        </test-method> <!-- Login -->
        <test-method signature="VerifyRegisterButton()[pri:0, instance:TestSuites.Suite01@28f2a10f]" started-at="2018-08-24T19:18:40Z" name="VerifyRegisterButton" description="Verify top navigation buttons" finished-at="2018-08-24T19:19:46Z" depends-on-methods="TestSuites.Suite01.Login" duration-ms="65664" status="PASS">
          <reporter-output>
          </reporter-output>
        </test-method> <!-- VerifyRegisterButton -->
        <test-method is-config="true" signature="Logout()[pri:0, instance:TestSuites.Suite01@28f2a10f]" started-at="2018-08-24T19:19:46Z" name="Logout" description="Verify logout" finished-at="2018-08-24T19:20:09Z" duration-ms="23534" status="PASS">
          <reporter-output>
          </reporter-output>
        </test-method> <!-- Logout -->
      </class> <!-- TestSuites.Suite01 -->
    </test> <!-- Default test -->
  </suite> <!-- Default suite -->
</testng-results>
